#
# A fatal error has been detected by the Java Runtime Environment:
#
#  Internal Error (classFileParser.cpp:3494), pid=18232, tid=139779421181696
#  Error: ShouldNotReachHere()
#
# JRE version: 6.0_24-b24
# Java VM: OpenJDK 64-Bit Server VM (20.0-b12 mixed mode linux-amd64 compressed oops)
# Derivative: IcedTea6 1.11.4
# Distribution: Ubuntu 12.04 LTS, package 6b24-1.11.4-1ubuntu0.12.04.1
# If you would like to submit a bug report, please include
# instructions how to reproduce the bug and visit:
#   https://bugs.launchpad.net/ubuntu/+source/openjdk-6/
#

---------------  T H R E A D  ---------------

Current thread (0x00007f20e8007800):  JavaThread "Unknown thread" [_thread_in_vm, id=18237, stack(0x00007f20eeaf1000,0x00007f20eebf2000)]

Stack: [0x00007f20eeaf1000,0x00007f20eebf2000],  sp=0x00007f20eebf0080,  free space=1020k
Native frames: (J=compiled Java code, j=interpreted, Vv=VM code, C=native code)
V  [libjvm.so+0x7836d5]  VMError::report(outputStream*)+0x1255
V  [libjvm.so+0x783959]  VMError::report_and_die()+0x169
V  [libjvm.so+0x3bb18a]  report_vm_error(char const*, int, char const*, char const*)+0x4a
V  [libjvm.so+0x351555]  ClassFileParser::parseClassFile(symbolHandle, Handle, Handle, KlassHandle, GrowableArray<Handle>*, symbolHandle&, bool, Thread*)+0x1545
V  [libjvm.so+0x3557b3]  ClassLoader::load_classfile(symbolHandle, Thread*)+0x1f3
V  [libjvm.so+0x71b894]  SystemDictionary::load_instance_class(symbolHandle, Handle, Thread*)+0x354
V  [libjvm.so+0x719fa0]  SystemDictionary::resolve_instance_class_or_null(symbolHandle, Handle, Handle, Thread*)+0x7c0
V  [libjvm.so+0x71bf23]  SystemDictionary::resolve_or_fail(symbolHandle, Handle, Handle, bool, Thread*)+0x33
V  [libjvm.so+0x71c004]  SystemDictionary::resolve_or_fail(symbolHandle, bool, Thread*)+0x14
V  [libjvm.so+0x71c0b0]  SystemDictionary::initialize_wk_klass(SystemDictionary::WKID, int, Thread*)+0xa0
V  [libjvm.so+0x71c119]  SystemDictionary::initialize_wk_klasses_until(SystemDictionary::WKID, SystemDictionary::WKID&, Thread*)+0x59
V  [libjvm.so+0x71c211]  SystemDictionary::initialize_preloaded_classes(Thread*)+0x71
V  [libjvm.so+0x75fa8f]  Universe::genesis(Thread*)+0x11f
V  [libjvm.so+0x76043f]  universe2_init()+0x1f
V  [libjvm.so+0x473f25]  init_globals()+0x95
V  [libjvm.so+0x74a3ca]  Threads::create_vm(JavaVMInitArgs*, bool*)+0x1ea
V  [libjvm.so+0x4cdbf1]  JNI_CreateJavaVM+0x61
C  [java+0x317e]  JavaMain+0x7e


---------------  P R O C E S S  ---------------

Java Threads: ( => current thread )

Other Threads:

=>0x00007f20e8007800 (exited) JavaThread "Unknown thread" [_thread_in_vm, id=18237, stack(0x00007f20eeaf1000,0x00007f20eebf2000)]

VM state:not at safepoint (not fully initialized)

VM Mutex/Monitor currently owned by a thread: None

Dynamic libraries:
00400000-00409000 r-xp 00000000 08:01 4855708                            /usr/lib/jvm/java-6-openjdk-amd64/jre/bin/java
00608000-00609000 r--p 00008000 08:01 4855708                            /usr/lib/jvm/java-6-openjdk-amd64/jre/bin/java
00609000-0060a000 rw-p 00009000 08:01 4855708                            /usr/lib/jvm/java-6-openjdk-amd64/jre/bin/java
007e3000-00804000 rw-p 00000000 00:00 0                                  [heap]
778c00000-77a0c0000 rw-p 00000000 00:00 0 
77a0c0000-783200000 rw-p 00000000 00:00 0 
783200000-788540000 rw-p 00000000 00:00 0 
788540000-7d6600000 rw-p 00000000 00:00 0 
7d6600000-7d8f90000 rw-p 00000000 00:00 0 
7d8f90000-800000000 rw-p 00000000 00:00 0 
7f20b4000000-7f20b4021000 rw-p 00000000 00:00 0 
7f20b4021000-7f20b8000000 ---p 00000000 00:00 0 
7f20bc000000-7f20bc021000 rw-p 00000000 00:00 0 
7f20bc021000-7f20c0000000 ---p 00000000 00:00 0 
7f20c4000000-7f20c4021000 rw-p 00000000 00:00 0 
7f20c4021000-7f20c8000000 ---p 00000000 00:00 0 
7f20cc000000-7f20cc021000 rw-p 00000000 00:00 0 
7f20cc021000-7f20d0000000 ---p 00000000 00:00 0 
7f20d4000000-7f20d4021000 rw-p 00000000 00:00 0 
7f20d4021000-7f20d8000000 ---p 00000000 00:00 0 
7f20dc000000-7f20dc021000 rw-p 00000000 00:00 0 
7f20dc021000-7f20e0000000 ---p 00000000 00:00 0 
7f20e3b29000-7f20e3beb000 r--s 010b9000 08:01 2375447                    /home/kungar/android-sdks/platforms/android-16/android.jar
7f20e3beb000-7f20e3bec000 ---p 00000000 00:00 0 
7f20e3bec000-7f20e3cec000 rw-p 00000000 00:00 0 
7f20e3cec000-7f20e3ced000 ---p 00000000 00:00 0 
7f20e3ced000-7f20e3ded000 rw-p 00000000 00:00 0 
7f20e3ded000-7f20e3dee000 ---p 00000000 00:00 0 
7f20e3dee000-7f20e3eee000 rw-p 00000000 00:00 0 
7f20e3eee000-7f20e3eef000 ---p 00000000 00:00 0 
7f20e3eef000-7f20e3fef000 rw-p 00000000 00:00 0 
7f20e3fef000-7f20e3ff0000 ---p 00000000 00:00 0 
7f20e3ff0000-7f20e411a000 rw-p 00000000 00:00 0 
7f20e411a000-7f20e438a000 rw-p 00000000 00:00 0 
7f20e438a000-7f20e4395000 rw-p 00000000 00:00 0 
7f20e4395000-7f20e43dd000 rw-p 00000000 00:00 0 
7f20e43dd000-7f20e4407000 rw-p 00000000 00:00 0 
7f20e4407000-7f20e4677000 rw-p 00000000 00:00 0 
7f20e4677000-7f20e468c000 rw-p 00000000 00:00 0 
7f20e468c000-7f20e47c4000 rw-p 00000000 00:00 0 
7f20e47c4000-7f20e47c5000 rw-p 00000000 00:00 0 
7f20e47c5000-7f20e4a35000 rwxp 00000000 00:00 0 
7f20e4a35000-7f20e77c5000 rw-p 00000000 00:00 0 
7f20e77c5000-7f20e77cc000 r-xp 00000000 08:01 4855707                    /usr/lib/jvm/java-6-openjdk-amd64/jre/lib/amd64/libzip.so
7f20e77cc000-7f20e79cb000 ---p 00007000 08:01 4855707                    /usr/lib/jvm/java-6-openjdk-amd64/jre/lib/amd64/libzip.so
7f20e79cb000-7f20e79cc000 r--p 00006000 08:01 4855707                    /usr/lib/jvm/java-6-openjdk-amd64/jre/lib/amd64/libzip.so
7f20e79cc000-7f20e79cd000 rw-p 00007000 08:01 4855707                    /usr/lib/jvm/java-6-openjdk-amd64/jre/lib/amd64/libzip.so
7f20e79cd000-7f20e79d9000 r-xp 00000000 08:01 6040742                    /lib/x86_64-linux-gnu/libnss_files-2.15.so
7f20e79d9000-7f20e7bd8000 ---p 0000c000 08:01 6040742                    /lib/x86_64-linux-gnu/libnss_files-2.15.so
7f20e7bd8000-7f20e7bd9000 r--p 0000b000 08:01 6040742                    /lib/x86_64-linux-gnu/libnss_files-2.15.so
7f20e7bd9000-7f20e7bda000 rw-p 0000c000 08:01 6040742                    /lib/x86_64-linux-gnu/libnss_files-2.15.so
7f20e7bda000-7f20e7be4000 r-xp 00000000 08:01 6040743                    /lib/x86_64-linux-gnu/libnss_nis-2.15.so
7f20e7be4000-7f20e7de4000 ---p 0000a000 08:01 6040743                    /lib/x86_64-linux-gnu/libnss_nis-2.15.so
7f20e7de4000-7f20e7de5000 r--p 0000a000 08:01 6040743                    /lib/x86_64-linux-gnu/libnss_nis-2.15.so
7f20e7de5000-7f20e7de6000 rw-p 0000b000 08:01 6040743                    /lib/x86_64-linux-gnu/libnss_nis-2.15.so
7f20e7de6000-7f20e7dfd000 r-xp 00000000 08:01 6033032                    /lib/x86_64-linux-gnu/libnsl-2.15.so
7f20e7dfd000-7f20e7ffc000 ---p 00017000 08:01 6033032                    /lib/x86_64-linux-gnu/libnsl-2.15.so
7f20e7ffc000-7f20e7ffd000 r--p 00016000 08:01 6033032                    /lib/x86_64-linux-gnu/libnsl-2.15.so
7f20e7ffd000-7f20e7ffe000 rw-p 00017000 08:01 6033032                    /lib/x86_64-linux-gnu/libnsl-2.15.so
7f20e7ffe000-7f20e8000000 rw-p 00000000 00:00 0 
7f20e8000000-7f20e8082000 rw-p 00000000 00:00 0 
7f20e8082000-7f20ec000000 ---p 00000000 00:00 0 
7f20ec056000-7f20ec07e000 rw-p 00000000 00:00 0 
7f20ec07e000-7f20ec07f000 ---p 00000000 00:00 0 
7f20ec07f000-7f20ec18a000 rw-p 00000000 00:00 0 
7f20ec18a000-7f20ec1d2000 rw-p 00000000 00:00 0 
7f20ec1d2000-7f20ec1da000 r-xp 00000000 08:01 6040745                    /lib/x86_64-linux-gnu/libnss_compat-2.15.so
7f20ec1da000-7f20ec3d9000 ---p 00008000 08:01 6040745                    /lib/x86_64-linux-gnu/libnss_compat-2.15.so
7f20ec3d9000-7f20ec3da000 r--p 00007000 08:01 6040745                    /lib/x86_64-linux-gnu/libnss_compat-2.15.so
7f20ec3da000-7f20ec3db000 rw-p 00008000 08:01 6040745                    /lib/x86_64-linux-gnu/libnss_compat-2.15.so
7f20ec3db000-7f20ec407000 r-xp 00000000 08:01 4855664                    /usr/lib/jvm/java-6-openjdk-amd64/jre/lib/amd64/libjava.so
7f20ec407000-7f20ec606000 ---p 0002c000 08:01 4855664                    /usr/lib/jvm/java-6-openjdk-amd64/jre/lib/amd64/libjava.so
7f20ec606000-7f20ec607000 r--p 0002b000 08:01 4855664                    /usr/lib/jvm/java-6-openjdk-amd64/jre/lib/amd64/libjava.so
7f20ec607000-7f20ec60a000 rw-p 0002c000 08:01 4855664                    /usr/lib/jvm/java-6-openjdk-amd64/jre/lib/amd64/libjava.so
7f20ec60a000-7f20ec618000 r-xp 00000000 08:01 4855663                    /usr/lib/jvm/java-6-openjdk-amd64/jre/lib/amd64/libverify.so
7f20ec618000-7f20ec817000 ---p 0000e000 08:01 4855663                    /usr/lib/jvm/java-6-openjdk-amd64/jre/lib/amd64/libverify.so
7f20ec817000-7f20ec819000 r--p 0000d000 08:01 4855663                    /usr/lib/jvm/java-6-openjdk-amd64/jre/lib/amd64/libverify.so
7f20ec819000-7f20ec81a000 rw-p 0000f000 08:01 4855663                    /usr/lib/jvm/java-6-openjdk-amd64/jre/lib/amd64/libverify.so
7f20ec81a000-7f20ec821000 r-xp 00000000 08:01 6033034                    /lib/x86_64-linux-gnu/librt-2.15.so
7f20ec821000-7f20eca20000 ---p 00007000 08:01 6033034                    /lib/x86_64-linux-gnu/librt-2.15.so
7f20eca20000-7f20eca21000 r--p 00006000 08:01 6033034                    /lib/x86_64-linux-gnu/librt-2.15.so
7f20eca21000-7f20eca22000 rw-p 00007000 08:01 6033034                    /lib/x86_64-linux-gnu/librt-2.15.so
7f20eca22000-7f20eca37000 r-xp 00000000 08:01 6029367                    /lib/x86_64-linux-gnu/libgcc_s.so.1
7f20eca37000-7f20ecc36000 ---p 00015000 08:01 6029367                    /lib/x86_64-linux-gnu/libgcc_s.so.1
7f20ecc36000-7f20ecc37000 r--p 00014000 08:01 6029367                    /lib/x86_64-linux-gnu/libgcc_s.so.1
7f20ecc37000-7f20ecc38000 rw-p 00015000 08:01 6029367                    /lib/x86_64-linux-gnu/libgcc_s.so.1
7f20ecc38000-7f20ecd31000 r-xp 00000000 08:01 6033027                    /lib/x86_64-linux-gnu/libm-2.15.so
7f20ecd31000-7f20ecf30000 ---p 000f9000 08:01 6033027                    /lib/x86_64-linux-gnu/libm-2.15.so
7f20ecf30000-7f20ecf31000 r--p 000f8000 08:01 6033027                    /lib/x86_64-linux-gnu/libm-2.15.so
7f20ecf31000-7f20ecf32000 rw-p 000f9000 08:01 6033027                    /lib/x86_64-linux-gnu/libm-2.15.so
7f20ecf32000-7f20ed014000 r-xp 00000000 08:01 4852902                    /usr/lib/x86_64-linux-gnu/libstdc++.so.6.0.16
7f20ed014000-7f20ed213000 ---p 000e2000 08:01 4852902                    /usr/lib/x86_64-linux-gnu/libstdc++.so.6.0.16
7f20ed213000-7f20ed21b000 r--p 000e1000 08:01 4852902                    /usr/lib/x86_64-linux-gnu/libstdc++.so.6.0.16
7f20ed21b000-7f20ed21d000 rw-p 000e9000 08:01 4852902                    /usr/lib/x86_64-linux-gnu/libstdc++.so.6.0.16
7f20ed21d000-7f20ed232000 rw-p 00000000 00:00 0 
7f20ed232000-7f20edb36000 r-xp 00000000 08:01 4855674                    /usr/lib/jvm/java-6-openjdk-amd64/jre/lib/amd64/server/libjvm.so
7f20edb36000-7f20edd36000 ---p 00904000 08:01 4855674                    /usr/lib/jvm/java-6-openjdk-amd64/jre/lib/amd64/server/libjvm.so
7f20edd36000-7f20eddb6000 r--p 00904000 08:01 4855674                    /usr/lib/jvm/java-6-openjdk-amd64/jre/lib/amd64/server/libjvm.so
7f20eddb6000-7f20eddd1000 rw-p 00984000 08:01 4855674                    /usr/lib/jvm/java-6-openjdk-amd64/jre/lib/amd64/server/libjvm.so
7f20eddd1000-7f20eddfa000 rw-p 00000000 00:00 0 
7f20eddfa000-7f20ede10000 r-xp 00000000 08:01 6033598                    /lib/x86_64-linux-gnu/libz.so.1.2.3.4
7f20ede10000-7f20ee00f000 ---p 00016000 08:01 6033598                    /lib/x86_64-linux-gnu/libz.so.1.2.3.4
7f20ee00f000-7f20ee010000 r--p 00015000 08:01 6033598                    /lib/x86_64-linux-gnu/libz.so.1.2.3.4
7f20ee010000-7f20ee011000 rw-p 00016000 08:01 6033598                    /lib/x86_64-linux-gnu/libz.so.1.2.3.4
7f20ee011000-7f20ee1c4000 r-xp 00000000 08:01 6033028                    /lib/x86_64-linux-gnu/libc-2.15.so
7f20ee1c4000-7f20ee3c3000 ---p 001b3000 08:01 6033028                    /lib/x86_64-linux-gnu/libc-2.15.so
7f20ee3c3000-7f20ee3c7000 r--p 001b2000 08:01 6033028                    /lib/x86_64-linux-gnu/libc-2.15.so
7f20ee3c7000-7f20ee3c9000 rw-p 001b6000 08:01 6033028                    /lib/x86_64-linux-gnu/libc-2.15.so
7f20ee3c9000-7f20ee3ce000 rw-p 00000000 00:00 0 
7f20ee3ce000-7f20ee3d0000 r-xp 00000000 08:01 6040749                    /lib/x86_64-linux-gnu/libdl-2.15.so
7f20ee3d0000-7f20ee5d0000 ---p 00002000 08:01 6040749                    /lib/x86_64-linux-gnu/libdl-2.15.so
7f20ee5d0000-7f20ee5d1000 r--p 00002000 08:01 6040749                    /lib/x86_64-linux-gnu/libdl-2.15.so
7f20ee5d1000-7f20ee5d2000 rw-p 00003000 08:01 6040749                    /lib/x86_64-linux-gnu/libdl-2.15.so
7f20ee5d2000-7f20ee5d6000 r-xp 00000000 08:01 4855629                    /usr/lib/jvm/java-6-openjdk-amd64/jre/lib/amd64/jli/libjli.so
7f20ee5d6000-7f20ee7d5000 ---p 00004000 08:01 4855629                    /usr/lib/jvm/java-6-openjdk-amd64/jre/lib/amd64/jli/libjli.so
7f20ee7d5000-7f20ee7d6000 r--p 00003000 08:01 4855629                    /usr/lib/jvm/java-6-openjdk-amd64/jre/lib/amd64/jli/libjli.so
7f20ee7d6000-7f20ee7d7000 rw-p 00004000 08:01 4855629                    /usr/lib/jvm/java-6-openjdk-amd64/jre/lib/amd64/jli/libjli.so
7f20ee7d7000-7f20ee7ef000 r-xp 00000000 08:01 6040753                    /lib/x86_64-linux-gnu/libpthread-2.15.so
7f20ee7ef000-7f20ee9ee000 ---p 00018000 08:01 6040753                    /lib/x86_64-linux-gnu/libpthread-2.15.so
7f20ee9ee000-7f20ee9ef000 r--p 00017000 08:01 6040753                    /lib/x86_64-linux-gnu/libpthread-2.15.so
7f20ee9ef000-7f20ee9f0000 rw-p 00018000 08:01 6040753                    /lib/x86_64-linux-gnu/libpthread-2.15.so
7f20ee9f0000-7f20ee9f4000 rw-p 00000000 00:00 0 
7f20ee9f4000-7f20eea16000 r-xp 00000000 08:01 6033030                    /lib/x86_64-linux-gnu/ld-2.15.so
7f20eea31000-7f20eea3b000 rw-p 00000000 00:00 0 
7f20eea3b000-7f20eeaf1000 rw-p 00000000 00:00 0 
7f20eeaf1000-7f20eeaf4000 ---p 00000000 00:00 0 
7f20eeaf4000-7f20eebf7000 rw-p 00000000 00:00 0 
7f20eec0a000-7f20eec12000 rw-s 00000000 08:01 2237797                    /tmp/hsperfdata_kungar/18232
7f20eec12000-7f20eec13000 rw-p 00000000 00:00 0 
7f20eec13000-7f20eec14000 r--p 00000000 00:00 0 
7f20eec14000-7f20eec16000 rw-p 00000000 00:00 0 
7f20eec16000-7f20eec17000 r--p 00022000 08:01 6033030                    /lib/x86_64-linux-gnu/ld-2.15.so
7f20eec17000-7f20eec19000 rw-p 00023000 08:01 6033030                    /lib/x86_64-linux-gnu/ld-2.15.so
7fff56909000-7fff5692a000 rw-p 00000000 00:00 0                          [stack]
7fff569ff000-7fff56a00000 r-xp 00000000 00:00 0                          [vdso]
ffffffffff600000-ffffffffff601000 r-xp 00000000 00:00 0                  [vsyscall]

VM Arguments:
jvm_args: -Dfile.encoding=UTF-8 -Xbootclasspath:/home/kungar/android-sdks/platforms/android-16/android.jar 
java_command: se.z_app.stb.api.zenterio.StandardCommand
Launcher Type: SUN_STANDARD

Environment Variables:
PATH=/usr/lib/lightdm/lightdm:/usr/local/sbin:/usr/local/bin:/usr/sbin:/usr/bin:/sbin:/bin:/usr/games:/opt/thinlinc/bin
LD_LIBRARY_PATH=/usr/lib/jvm/java-6-openjdk-amd64/jre/lib/amd64/server:/usr/lib/jvm/java-6-openjdk-amd64/jre/lib/amd64:/usr/lib/jvm/java-6-openjdk-amd64/jre/../lib/amd64
SHELL=/bin/zsh
DISPLAY=localhost:11.0

Signal Handlers:
SIGSEGV: [libjvm.so+0x784310], sa_mask[0]=0x7ffbfeff, sa_flags=0x10000004
SIGBUS: [libjvm.so+0x784310], sa_mask[0]=0x7ffbfeff, sa_flags=0x10000004
SIGFPE: [libjvm.so+0x648580], sa_mask[0]=0x7ffbfeff, sa_flags=0x10000004
SIGPIPE: [libjvm.so+0x648580], sa_mask[0]=0x7ffbfeff, sa_flags=0x10000004
SIGXFSZ: [libjvm.so+0x648580], sa_mask[0]=0x7ffbfeff, sa_flags=0x10000004
SIGILL: [libjvm.so+0x648580], sa_mask[0]=0x7ffbfeff, sa_flags=0x10000004
SIGUSR1: SIG_DFL, sa_mask[0]=0x00000000, sa_flags=0x00000000
SIGUSR2: [libjvm.so+0x648730], sa_mask[0]=0x00000004, sa_flags=0x10000004
SIGHUP: SIG_DFL, sa_mask[0]=0x00000000, sa_flags=0x00000000
SIGINT: SIG_DFL, sa_mask[0]=0x00000000, sa_flags=0x00000000
SIGTERM: SIG_DFL, sa_mask[0]=0x00000000, sa_flags=0x00000000
SIGQUIT: SIG_DFL, sa_mask[0]=0x00000000, sa_flags=0x00000000


---------------  S Y S T E M  ---------------

OS:Ubuntu 12.04 (precise)
uname:Linux 3.2.0-27-generic #43-Ubuntu SMP Fri Jul 6 14:25:57 UTC 2012 x86_64
libc:glibc 2.15 NPTL 2.15 
rlimit: STACK 8192k, CORE 0k, NPROC 63185, NOFILE 4096, AS infinity
load average:2.68 2.34 2.25

/proc/meminfo:
MemTotal:        8176328 kB
MemFree:          480252 kB
Buffers:          235896 kB
Cached:          1328828 kB
SwapCached:       756636 kB
Active:          4643408 kB
Inactive:        2465164 kB
Active(anon):    3874344 kB
Inactive(anon):  1685076 kB
Active(file):     769064 kB
Inactive(file):   780088 kB
Unevictable:          16 kB
Mlocked:              16 kB
SwapTotal:       8384508 kB
SwapFree:        5477088 kB
Dirty:               744 kB
Writeback:             0 kB
AnonPages:       5046224 kB
Mapped:           146276 kB
Shmem:             15572 kB
Slab:             207664 kB
SReclaimable:     158804 kB
SUnreclaim:        48860 kB
KernelStack:        5792 kB
PageTables:        82324 kB
NFS_Unstable:          0 kB
Bounce:                0 kB
WritebackTmp:          0 kB
CommitLimit:    12472672 kB
Committed_AS:   13273628 kB
VmallocTotal:   34359738367 kB
VmallocUsed:      308160 kB
VmallocChunk:   34359349080 kB
HardwareCorrupted:     0 kB
AnonHugePages:         0 kB
HugePages_Total:       0
HugePages_Free:        0
HugePages_Rsvd:        0
HugePages_Surp:        0
Hugepagesize:       2048 kB
DirectMap4k:     4564928 kB
DirectMap2M:     3821568 kB
DirectMap1G:           0 kB


CPU:total 6 (6 cores per cpu, 1 threads per core) family 16 model 10 stepping 0, cmov, cx8, fxsr, mmx, sse, sse2, sse3, popcnt, mmxext, 3dnowpref, lzcnt, sse4a

Memory: 4k page, physical 8176328k(480252k free), swap 8384508k(5477088k free)

vm_info: OpenJDK 64-Bit Server VM (20.0-b12) for linux-amd64 JRE (1.6.0_24-b24), built on Sep  2 2012 19:50:47 by "buildd" with gcc 4.6.3

time: Sat Oct 13 16:37:33 2012
elapsed time: 0 seconds

